28-May-2025 22:46:02.456 INFORMAÇÕES [main] org.apache.catalina.core.ApplicationContext.log 2 Spring WebApplicationInitializers detected on classpath
28-May-2025 22:46:03.394 INFORMAÇÕES [main] org.apache.catalina.core.ApplicationContext.log Initializing Spring embedded WebApplicationContext
28-May-2025 22:46:10.237 INFORMAÇÕES [Thread-2] org.apache.catalina.core.ApplicationContext.log Closing Spring root WebApplicationContext
28-May-2025 22:46:16.012 INFORMAÇÕES [main] org.apache.catalina.core.ApplicationContext.log 2 Spring WebApplicationInitializers detected on classpath
28-May-2025 22:46:17.167 INFORMAÇÕES [main] org.apache.catalina.core.ApplicationContext.log Initializing Spring embedded WebApplicationContext
28-May-2025 22:46:58.300 INFORMAÇÕES [Thread-2] org.apache.catalina.core.ApplicationContext.log Closing Spring root WebApplicationContext
28-May-2025 22:47:18.045 INFORMAÇÕES [main] org.apache.catalina.core.ApplicationContext.log 2 Spring WebApplicationInitializers detected on classpath
28-May-2025 22:47:19.191 INFORMAÇÕES [main] org.apache.catalina.core.ApplicationContext.log Initializing Spring embedded WebApplicationContext
28-May-2025 22:47:29.904 INFORMAÇÕES [http-nio-8080-exec-1] org.apache.catalina.core.ApplicationContext.log Initializing Spring DispatcherServlet 'dispatcherServlet'
28-May-2025 22:48:19.573 INFORMAÇÕES [Thread-2] org.apache.catalina.core.ApplicationContext.log Destroying Spring FrameworkServlet 'dispatcherServlet'
28-May-2025 22:48:19.575 INFORMAÇÕES [Thread-2] org.apache.catalina.core.ApplicationContext.log Closing Spring root WebApplicationContext
28-May-2025 22:48:45.413 INFORMAÇÕES [main] org.apache.catalina.core.ApplicationContext.log 2 Spring WebApplicationInitializers detected on classpath
28-May-2025 22:48:46.694 INFORMAÇÕES [main] org.apache.catalina.core.ApplicationContext.log Initializing Spring embedded WebApplicationContext
28-May-2025 22:48:53.108 INFORMAÇÕES [http-nio-8080-exec-2] org.apache.catalina.core.ApplicationContext.log Initializing Spring DispatcherServlet 'dispatcherServlet'
28-May-2025 22:50:43.695 INFORMAÇÕES [Thread-2] org.apache.catalina.core.ApplicationContext.log Destroying Spring FrameworkServlet 'dispatcherServlet'
28-May-2025 22:50:43.696 INFORMAÇÕES [Thread-2] org.apache.catalina.core.ApplicationContext.log Closing Spring root WebApplicationContext
28-May-2025 22:57:30.747 INFORMAÇÕES [main] org.apache.catalina.core.ApplicationContext.log 2 Spring WebApplicationInitializers detected on classpath
28-May-2025 22:57:31.627 INFORMAÇÕES [main] org.apache.catalina.core.ApplicationContext.log Initializing Spring embedded WebApplicationContext
28-May-2025 22:57:37.515 INFORMAÇÕES [http-nio-8080-exec-2] org.apache.catalina.core.ApplicationContext.log Initializing Spring DispatcherServlet 'dispatcherServlet'
28-May-2025 22:57:42.880 INFORMAÇÕES [Thread-2] org.apache.catalina.core.ApplicationContext.log Destroying Spring FrameworkServlet 'dispatcherServlet'
28-May-2025 22:57:42.881 INFORMAÇÕES [Thread-2] org.apache.catalina.core.ApplicationContext.log Closing Spring root WebApplicationContext
